19:27:35.804 skipping bootstrap configuration: could not find or read file: classpath:karate-config.js
19:27:36.187 request:
1 > GET https://reqres.in/api/users/2
1 > Accept-Encoding: gzip,deflate
1 > Connection: Keep-Alive
1 > Host: reqres.in
1 > User-Agent: Apache-HttpClient/4.5.11 (Java/11.0.11)

19:27:36.648 response time in milliseconds: 456.70
1 < 200
1 < Age: 3357
1 < CF-Cache-Status: HIT
1 < CF-RAY: 6af13abd6e720db4-BOM
1 < Cache-Control: max-age=14400
1 < Connection: keep-alive
1 < Content-Type: application/json; charset=utf-8
1 < Date: Tue, 16 Nov 2021 13:57:37 GMT
1 < Expect-CT: max-age=604800, report-uri="https://report-uri.cloudflare.com/cdn-cgi/beacon/expect-ct"
1 < NEL: {"success_fraction":0,"report_to":"cf-nel","max_age":604800}
1 < Report-To: {"endpoints":[{"url":"https:\/\/a.nel.cloudflare.com\/report\/v3?s=ZV8uNu%2BrKV4%2BFMPp3rQEctco5mA7aEvPaKjtjY8MgrozpOcxaU%2FaufqJ9OIWdycSUKNlpG5Z2WO2n%2BskQOM%2Fxeis0NuDFAlaxP5R7NkcsQZCALyYjG0SeC%2FviOM%3D"}],"group":"cf-nel","max_age":604800}
1 < Server: cloudflare
1 < Transfer-Encoding: chunked
1 < Vary: Accept-Encoding
1 < access-control-allow-origin: *
1 < alt-svc: h3=":443"; ma=86400, h3-29=":443"; ma=86400, h3-28=":443"; ma=86400, h3-27=":443"; ma=86400
1 < etag: W/"118-pbdwwFo9SKNhD3Lx5iHJyngpq00"
1 < via: 1.1 vegur
1 < x-powered-by: Express
{"data":{"id":2,"email":"janet.weaver@reqres.in","first_name":"Janet","last_name":"Weaver","avatar":"https://reqres.in/img/faces/2-image.jpg"},"support":{"url":"https://reqres.in/#support-heading","text":"To keep ReqRes free, contributions towards server costs are appreciated!"}}

